<?xml version="1.0" encoding="UTF-8"?>
<!-- Generated by org.testng.reporters.JUnitXMLReporter -->
<testsuite hostname="H5" name="Default test" tests="6" failures="0" timestamp="13 Jul 2016 09:29:04 GMT" time="131.742" errors="0">
  <testcase name="beforeTest" time="38.084" classname="RegressionSuite.TC01ToTC04"/>
  <testcase name="verifyHISTORICALTab" time="27.66" classname="RegressionSuite.TC01ToTC04"/>
  <testcase name="verifyTaxmapTab" time="5.489" classname="RegressionSuite.TC01ToTC04"/>
  <testcase name="verifyTOPOTab" time="25.66" classname="RegressionSuite.TC01ToTC04"/>
  <testcase name="verifyBASEMAP" time="34.543" classname="RegressionSuite.TC01ToTC04"/>
  <testcase name="CloseWindow" time="0.21" classname="RegressionSuite.TC01ToTC04"/>
</testsuite> <!-- Default test -->
